vSGDfd

Grid Levels    Train MSE

(3, 3) :   0.00996463232795
(5, 2) :   0.0100066345265
(4, 3) :   0.0100062941875
(4, 2) :   0.00998043662626
(2, 5) :   0.0100060065422
(3, 4) :   0.00999980842412
(2, 4) :   0.00996020964112


SGD

Grid Levels    Train MSE

(3, 3) :   0.0100036899461
(5, 2) :   0.0100066345265
(4, 3) :   0.010006631923
(4, 2) :   0.0100064338347
(2, 5) :   0.0100066313779
(3, 4) :   0.0100066157096
(2, 4) :   0.0100058096132


vSGD

Grid Levels    Train MSE

(3, 3) :   0.010719265686
(5, 2) :   0.0100066345265
(4, 3) :   0.0501280502503
(4, 2) :   0.0152713151295
(2, 5) :   0.0536226126304
(3, 4) :   0.0207781139155
(2, 4) :   217625662.703


AnnealingSGD

Grid Levels    Train MSE

(3, 3) :   0.010004629211
(5, 2) :   0.0100066345265
(4, 3) :   0.0100066316592
(4, 2) :   0.0100064681478
(2, 5) :   0.0100066328951
(3, 4) :   0.0100066214524
(2, 4) :   0.0100061564657

AveragingSGD

Grid Levels    Train MSE

(3, 3) :   0.0100048848216
(5, 2) :   0.0100066345265
(4, 3) :   0.0100066327822
(4, 2) :   0.0100065509513
(2, 5) :   0.0100066338653
(3, 4) :   0.010006619329
(2, 4) :   0.0100061910349
